        -:    0:Source:unittest2.c
        -:    0:Graph:unittest2.gcno
        -:    0:Data:unittest2.gcda
        -:    0:Runs:1
        -:    0:Programs:1
        -:    1:#include "dominion.h"
        -:    2:#include "dominion_helpers.h"
        -:    3:#include <string.h>
        -:    4:#include <stdio.h>
        -:    5:#include <assert.h>
        -:    6:#include "rngs.h"
        -:    7:
        -:    8:
        -:    9:
        4:   10:void asserttrue(int a,int b)
        -:   11:{
        4:   12:  if (a == b)
        4:   13:    printf("Test Passed:\n Should be: %d\n Was: %d\n",b,a );
        -:   14:  else
    #####:   15:    printf("Test Failed:\n Should be: %d\n Was: %d\n",b,a );
        4:   16:}
        -:   17:
        1:   18:int main () {
        -:   19:
        -:   20:
        1:   21:  int k[10] = {adventurer, council_room, feast, gardens, mine,
        -:   22:         remodel, smithy, village, baron, great_hall};
        -:   23:
        -:   24:  struct gameState G;
        -:   25:
        1:   26:  initializeGame(2, k, 1, &G);
        -:   27:
        -:   28:
        1:   29:  printf ("Testing isGameOver.\n\n");
        -:   30:
        -:   31:
        1:   32:  G.supplyCount[province]=0;
        1:   33:  asserttrue(isGameOver(&G),1);
        1:   34:  G.supplyCount[province]=1;
        1:   35:  asserttrue(isGameOver(&G),0);
        -:   36:
        1:   37:  G.supplyCount[6] = 0;
        1:   38:  G.supplyCount[7] = 0;
        1:   39:  asserttrue(isGameOver(&G),0);
        -:   40:
        1:   41:  G.supplyCount[8] = 0;
        1:   42:  asserttrue(isGameOver(&G),1);
        -:   43:  
        -:   44:
        1:   45:  printf ("Finished Testing isGameOver.\n\n");
        -:   46:
        -:   47:
        -:   48:
        1:   49:  return 0;
        -:   50:}
